<?xml version="1.0" encoding="UTF-8"?>
<!-- Generated by org.testng.reporters.JUnitReportReporter -->
<testsuite hostname="Shri-PC" name="SampleTests.Sample1" tests="1" failures="0" timestamp="30 Aug 2020 15:22:14 GMT" time="0.020" errors="0">
  <testcase name="print" time="0.020" classname="SampleTests.Sample1"/>
</testsuite> <!-- SampleTests.Sample1 -->
