<?xml version="1.0" encoding="UTF-8"?>
<!-- Generated by org.testng.reporters.JUnitReportReporter -->
<testsuite hostname="Shri-PC" name="SampleTests.Sample2" tests="1" failures="0" timestamp="30 Aug 2020 15:22:14 GMT" time="0.004" errors="0">
  <testcase name="print" time="0.004" classname="SampleTests.Sample2"/>
</testsuite> <!-- SampleTests.Sample2 -->
