<?xml version="1.0" encoding="UTF-8"?>
<!-- Generated by org.testng.reporters.JUnitReportReporter -->
<testsuite hostname="Shri-PC" name="SampleTests.Sample3" tests="1" failures="0" timestamp="30 Aug 2020 14:57:47 GMT" time="0.012" errors="0">
  <testcase name="print" time="0.012" classname="SampleTests.Sample3"/>
</testsuite> <!-- SampleTests.Sample3 -->
